<?xml version="1.0" encoding="UTF-8"?>
<testsuite name="TestRunner" tests="1" skipped="0" failures="0" errors="0" timestamp="2021-09-21T18:54:25" hostname="PAVEL" time="2.621">
  <properties/>
  <testcase name="runApp3" classname="TestRunner" time="2.621"/>
  <system-out><![CDATA[]]></system-out>
  <system-err><![CDATA[]]></system-err>
</testsuite>
